<?xml version="1.0" encoding="UTF-8"?>
<!-- Generated by org.testng.reporters.JUnitReportReporter -->
<testsuite hostname="BLRL102360" failures="0" tests="3" name="com.bd.test.test.ReservePageTest" time="11.745" errors="0" timestamp="05 Jun 2021 05:44:22 GMT" skipped="0">
  <testcase classname="com.bd.test.test.ReservePageTest" name="reserveFlight" time="4.191"/>
  <testcase classname="com.bd.test.test.ReservePageTest" name="verifyArrivesCity" time="3.954"/>
  <testcase classname="com.bd.test.test.ReservePageTest" name="verifyDepartCity" time="3.600"/>
</testsuite> <!-- com.bd.test.test.ReservePageTest -->
