<?xml version="1.0" encoding="UTF-8"?>
<!-- Generated by org.testng.reporters.JUnitReportReporter -->
<testsuite hostname="BLRL102360" failures="0" tests="2" name="com.bd.test.test.PurchasePageTest" time="11.130" errors="0" timestamp="05 Jun 2021 05:44:22 GMT" skipped="0">
  <testcase classname="com.bd.test.test.PurchasePageTest" name="purchaseFlight" time="5.676"/>
  <testcase classname="com.bd.test.test.PurchasePageTest" name="TitleTest" time="5.454"/>
</testsuite> <!-- com.bd.test.test.PurchasePageTest -->
