<?xml version="1.0" encoding="UTF-8"?>
<!-- Generated by org.testng.reporters.JUnitReportReporter -->
<testsuite hostname="BLRL102360" failures="0" tests="2" name="com.bd.test.test.WelcomePageTest" time="8.017" errors="0" timestamp="05 Jun 2021 05:44:22 GMT" skipped="0">
  <testcase classname="com.bd.test.test.WelcomePageTest" name="SelectCities" time="4.758"/>
  <testcase classname="com.bd.test.test.WelcomePageTest" name="TitleTest" time="3.259"/>
</testsuite> <!-- com.bd.test.test.WelcomePageTest -->
